[debug] [2017-10-21T13:04:14.625Z] ----------------------------------------------------------------------
[debug] [2017-10-21T13:04:14.628Z] Command:      C:\Program Files\nodejs\node.exe C:\Users\Lev\AppData\Roaming\npm\node_modules\firebase-tools\bin\firebase deploy
[debug] [2017-10-21T13:04:14.628Z] CLI Version:  3.9.1
[debug] [2017-10-21T13:04:14.628Z] Platform:     win32
[debug] [2017-10-21T13:04:14.628Z] Node Version: v8.1.2
[debug] [2017-10-21T13:04:14.629Z] Time:         Sat Oct 21 2017 16:04:14 GMT+0300 (Московское время (зима))
[debug] [2017-10-21T13:04:14.629Z] ----------------------------------------------------------------------
[debug] 
[debug] [2017-10-21T13:04:14.646Z] > command requires scopes: ["email","openid","https://www.googleapis.com/auth/cloudplatformprojects.readonly","https://www.googleapis.com/auth/firebase","https://www.googleapis.com/auth/cloud-platform"]
[debug] [2017-10-21T13:04:14.646Z] > authorizing via signed-in user
[debug] [2017-10-21T13:04:14.648Z] > refreshing access token with scopes: ["email","https://www.googleapis.com/auth/cloud-platform","https://www.googleapis.com/auth/cloudplatformprojects.readonly","https://www.googleapis.com/auth/firebase","openid"]
[debug] [2017-10-21T13:04:14.649Z] >>> HTTP REQUEST POST https://www.googleapis.com/oauth2/v3/token { refresh_token: '1/MeF9VS_rQuf75M4ir3D6yuHQBbfZZN48wI-TWWEhalo',
  client_id: '563584335869-fgrhgmd47bqnekij5i8b5pr03ho849e6.apps.googleusercontent.com',
  client_secret: 'j9iVZfS8kkCEFUPaAeJV0sAi',
  grant_type: 'refresh_token',
  scope: 'email https://www.googleapis.com/auth/cloud-platform https://www.googleapis.com/auth/cloudplatformprojects.readonly https://www.googleapis.com/auth/firebase openid' } 
 Sat Oct 21 2017 16:04:14 GMT+0300 (Московское время (зима))
[debug] [2017-10-21T13:04:14.995Z] <<< HTTP RESPONSE 200
[debug] [2017-10-21T13:04:15.036Z] >>> HTTP REQUEST GET https://admin.firebase.com/v1/projects/findfootball-b3df0  
 Sat Oct 21 2017 16:04:15 GMT+0300 (Московское время (зима))
[debug] [2017-10-21T13:04:15.837Z] <<< HTTP RESPONSE 200
[debug] [2017-10-21T13:04:15.839Z] >>> HTTP REQUEST GET https://admin.firebase.com/v1/database/findfootball-b3df0/tokens  
 Sat Oct 21 2017 16:04:15 GMT+0300 (Московское время (зима))
[debug] [2017-10-21T13:04:16.542Z] <<< HTTP RESPONSE 200
[info] 
[info] === Deploying to 'findfootball-b3df0'...
[info] 
[info] i  deploying database, functions, hosting
[info] +  database: rules ready to deploy.
[debug] [2017-10-21T13:04:18.204Z] > [functions] package.json contents: {
  "name": "functions",
  "description": "Cloud Functions for Firebase",
  "dependencies": {
    "firebase-admin": "~4.2.1",
    "firebase-functions": "^0.5.7"
  },
  "private": true
}
[info] i  functions: ensuring necessary APIs are enabled...
[info] i  runtimeconfig: ensuring necessary APIs are enabled...
[debug] [2017-10-21T13:04:18.210Z] >>> HTTP REQUEST GET https://servicemanagement.googleapis.com/v1/services/cloudfunctions.googleapis.com/projectSettings/findfootball-b3df0?view=CONSUMER_VIEW  
 Sat Oct 21 2017 16:04:18 GMT+0300 (Московское время (зима))
[debug] [2017-10-21T13:04:18.211Z] >>> HTTP REQUEST GET https://servicemanagement.googleapis.com/v1/services/runtimeconfig.googleapis.com/projectSettings/findfootball-b3df0?view=CONSUMER_VIEW  
 Sat Oct 21 2017 16:04:18 GMT+0300 (Московское время (зима))
[debug] [2017-10-21T13:04:19.538Z] <<< HTTP RESPONSE 200
[info] +  runtimeconfig: all necessary APIs are enabled
[debug] [2017-10-21T13:04:19.624Z] <<< HTTP RESPONSE 200
[info] +  functions: all necessary APIs are enabled
[debug] [2017-10-21T13:04:19.627Z] >>> HTTP REQUEST GET https://appengine.googleapis.com/v1/apps/findfootball-b3df0  
 Sat Oct 21 2017 16:04:19 GMT+0300 (Московское время (зима))
[debug] [2017-10-21T13:04:19.628Z] >>> HTTP REQUEST GET https://apikeys.googleapis.com/v1/projects/findfootball-b3df0/apiKeys  
 Sat Oct 21 2017 16:04:19 GMT+0300 (Московское время (зима))
[debug] [2017-10-21T13:04:20.675Z] <<< HTTP RESPONSE 200
[debug] [2017-10-21T13:04:20.778Z] <<< HTTP RESPONSE 200
[info] i  functions: preparing functions directory for uploading...
[debug] [2017-10-21T13:04:24.453Z] >>> HTTP REQUEST GET https://runtimeconfig.googleapis.com/v1beta1/projects/findfootball-b3df0/configs  
 Sat Oct 21 2017 16:04:24 GMT+0300 (Московское время (зима))
[debug] [2017-10-21T13:04:24.994Z] <<< HTTP RESPONSE 200
[info] i  functions: packaged functions (5.16 KB) for uploading
[debug] [2017-10-21T13:04:34.894Z] >>> HTTP REQUEST GET https://www.googleapis.com/storage/v1/b/staging.findfootball-b3df0.appspot.com  
 Sat Oct 21 2017 16:04:34 GMT+0300 (Московское время (зима))
[debug] [2017-10-21T13:04:35.335Z] <<< HTTP RESPONSE 200
[debug] [2017-10-21T13:04:35.337Z] >>> HTTP REQUEST POST https://www.googleapis.com/upload/storage/v1/b/staging.findfootball-b3df0.appspot.com/o?uploadType=media&name=firebase-functions-source ReadStream {
  _readableState: 
   ReadableState {
     objectMode: false,
     highWaterMark: 65536,
     buffer: BufferList { head: [Object], tail: [Object], length: 1 },
     length: 5280,
     pipes: null,
     pipesCount: 0,
     flowing: null,
     ended: true,
     endEmitted: false,
     reading: false,
     sync: false,
     needReadable: false,
     emittedReadable: true,
     readableListening: false,
     resumeScheduled: false,
     destroyed: false,
     defaultEncoding: 'utf8',
     awaitDrain: 0,
     readingMore: false,
     decoder: null,
     encoding: null },
  readable: true,
  domain: null,
  _events: { end: [Function] },
  _eventsCount: 1,
  _maxListeners: undefined,
  path: 'C:\\Users\\Lev\\AppData\\Local\\Temp\\firebase-functions-20246LbGNOdGE1Bz.zip',
  fd: 5,
  flags: 'r',
  mode: 438,
  start: undefined,
  end: undefined,
  autoClose: true,
  pos: undefined,
  bytesRead: 5280 } 
 Sat Oct 21 2017 16:04:35 GMT+0300 (Московское время (зима))
[debug] [2017-10-21T13:04:36.169Z] <<< HTTP RESPONSE 200
[info] +  functions: functions folder uploaded successfully
[info] i  hosting: preparing FindFootball directory for upload...
[debug] [2017-10-21T13:04:36.617Z] >>> HTTP REQUEST PUT https://deploy.firebase.com/v1/hosting/findfootball-b3df0/uploads/-Kwz1BREBpITu0kaW5xj?fileCount=41&message=  
 Sat Oct 21 2017 16:04:36 GMT+0300 (Московское время (зима))
[debug] [2017-10-21T13:04:48.443Z] <<< HTTP RESPONSE 200
[debug] [2017-10-21T13:04:48.444Z] [hosting] .tgz uploaded successfully, waiting for extraction
[info] +  hosting: 41 files uploaded successfully
[info] i  starting release process (may take several minutes)...
[debug] [2017-10-21T13:04:49.198Z] >>> HTTP REQUEST GET https://cloudfunctions.googleapis.com/v1beta2/projects/findfootball-b3df0/locations/us-central1/functions  
 Sat Oct 21 2017 16:04:49 GMT+0300 (Московское время (зима))
[debug] [2017-10-21T13:04:49.688Z] <<< HTTP RESPONSE 200
[info] i  functions: updating function sendNotification...
[debug] [2017-10-21T13:04:49.697Z] Trigger is: 
[debug] [2017-10-21T13:04:49.701Z] >>> HTTP REQUEST PUT https://cloudfunctions.googleapis.com/v1beta2/projects/findfootball-b3df0/locations/us-central1/functions/sendNotification { sourceArchiveUrl: 'gs://staging.findfootball-b3df0.appspot.com/firebase-functions-source',
  name: 'projects/findfootball-b3df0/locations/us-central1/functions/sendNotification',
  entryPoint: 'sendNotification',
  timeout: '60s',
  availableMemoryMb: 256,
  eventTrigger: 
   { resource: 'projects/_/instances/findfootball-b3df0/refs/events/football/{pushId}/chat/{msg_time}',
     eventType: 'providers/google.firebase.database/eventTypes/ref.write' } } 
 Sat Oct 21 2017 16:04:49 GMT+0300 (Московское время (зима))
[debug] [2017-10-21T13:04:50.228Z] <<< HTTP RESPONSE 200
[debug] [2017-10-21T13:04:50.231Z] >>> HTTP REQUEST GET https://cloudfunctions.googleapis.com/v1beta2/projects/findfootball-b3df0/locations/us-central1/functions  
 Sat Oct 21 2017 16:04:50 GMT+0300 (Московское время (зима))
[debug] [2017-10-21T13:04:50.231Z] >>> HTTP REQUEST GET https://cloudfunctions.googleapis.com/v1beta2/operations/ZmluZGZvb3RiYWxsLWIzZGYwL3VzLWNlbnRyYWwxL3NlbmROb3RpZmljYXRpb24veGlKSnd5ZUpZZVk  
 Sat Oct 21 2017 16:04:50 GMT+0300 (Московское время (зима))
[debug] [2017-10-21T13:04:50.603Z] <<< HTTP RESPONSE 200
[debug] [2017-10-21T13:04:50.605Z] <<< HTTP RESPONSE 200
[debug] [2017-10-21T13:04:50.607Z] [functions] operation poll: sendNotification: update operations/ZmluZGZvb3RiYWxsLWIzZGYwL3VzLWNlbnRyYWwxL3NlbmROb3RpZmljYXRpb24veGlKSnd5ZUpZZVk is not done.
[debug] [2017-10-21T13:04:55.608Z] >>> HTTP REQUEST GET https://cloudfunctions.googleapis.com/v1beta2/operations/ZmluZGZvb3RiYWxsLWIzZGYwL3VzLWNlbnRyYWwxL3NlbmROb3RpZmljYXRpb24veGlKSnd5ZUpZZVk  
 Sat Oct 21 2017 16:04:55 GMT+0300 (Московское время (зима))
[debug] [2017-10-21T13:04:56.221Z] <<< HTTP RESPONSE 200
[debug] [2017-10-21T13:04:56.222Z] [functions] operation poll: sendNotification: update operations/ZmluZGZvb3RiYWxsLWIzZGYwL3VzLWNlbnRyYWwxL3NlbmROb3RpZmljYXRpb24veGlKSnd5ZUpZZVk is not done.
[debug] [2017-10-21T13:05:01.222Z] >>> HTTP REQUEST GET https://cloudfunctions.googleapis.com/v1beta2/operations/ZmluZGZvb3RiYWxsLWIzZGYwL3VzLWNlbnRyYWwxL3NlbmROb3RpZmljYXRpb24veGlKSnd5ZUpZZVk  
 Sat Oct 21 2017 16:05:01 GMT+0300 (Московское время (зима))
[debug] [2017-10-21T13:05:01.922Z] <<< HTTP RESPONSE 200
[debug] [2017-10-21T13:05:01.924Z] [functions] operation poll: sendNotification: update operations/ZmluZGZvb3RiYWxsLWIzZGYwL3VzLWNlbnRyYWwxL3NlbmROb3RpZmljYXRpb24veGlKSnd5ZUpZZVk is not done.
[debug] [2017-10-21T13:05:06.928Z] >>> HTTP REQUEST GET https://cloudfunctions.googleapis.com/v1beta2/operations/ZmluZGZvb3RiYWxsLWIzZGYwL3VzLWNlbnRyYWwxL3NlbmROb3RpZmljYXRpb24veGlKSnd5ZUpZZVk  
 Sat Oct 21 2017 16:05:06 GMT+0300 (Московское время (зима))
[debug] [2017-10-21T13:05:07.352Z] <<< HTTP RESPONSE 200
[debug] [2017-10-21T13:05:07.358Z] [functions] operation poll: sendNotification: update operations/ZmluZGZvb3RiYWxsLWIzZGYwL3VzLWNlbnRyYWwxL3NlbmROb3RpZmljYXRpb24veGlKSnd5ZUpZZVk is done.
[info] +  functions[sendNotification]: Successful update operation. 
[info] +  functions: all functions deployed successfully!
[debug] [2017-10-21T13:05:07.373Z] >>> HTTP REQUEST POST https://deploy.firebase.com/v1/projects/findfootball-b3df0/releases { database: { rulesString: '{\n  "rules": {\n    ".read": "auth != null",\n    ".write": "auth != null"\n  }\n}' },
  hosting: 
   { public: 'FindFootball',
     version: '-Kwz1BREBpITu0kaW5xj',
     prefix: '-Kwz1BREBpITu0kaW5xj/',
     manifest: [] } } 
 Sat Oct 21 2017 16:05:07 GMT+0300 (Московское время (зима))
